<?xml version="1.0" encoding="UTF-8"?>
<robot generator="Robot 7.3.2 (Python 3.13.9 on win32)" generated="2025-10-20T00:21:44.113908" rpa="false" schemaversion="5">
<suite id="s1" name="Edit Table" source="C:\ShabuProject\target\test-classes\edit_table\edit_table.robot">
<test id="s1-t1" name="TC01 - Verify Form Elements Are Present" line="61">
<kw name="Open Browser To Edit Table Page" type="SETUP">
<kw name="Evaluate" owner="BuiltIn">
<msg time="2025-10-20T00:21:44.507460" level="INFO">${options} = &lt;selenium.webdriver.chrome.options.Options object at 0x000002D636A367B0&gt;</msg>
<var>${options}</var>
<arg>sys.modules['selenium.webdriver'].ChromeOptions()</arg>
<arg>modules=sys</arg>
<doc>Evaluates the given expression in Python and returns the result.</doc>
<status status="PASS" start="2025-10-20T00:21:44.506931" elapsed="0.000591"/>
</kw>
<kw name="Call Method" owner="BuiltIn">
<arg>${options}</arg>
<arg>add_argument</arg>
<arg>--disable-notifications</arg>
<doc>Calls the named method of the given object with the provided arguments.</doc>
<status status="PASS" start="2025-10-20T00:21:44.507749" elapsed="0.000220"/>
</kw>
<kw name="Call Method" owner="BuiltIn">
<arg>${options}</arg>
<arg>add_argument</arg>
<arg>--disable-gcm</arg>
<doc>Calls the named method of the given object with the provided arguments.</doc>
<status status="PASS" start="2025-10-20T00:21:44.508115" elapsed="0.000162"/>
</kw>
<kw name="Open Browser" owner="SeleniumLibrary">
<msg time="2025-10-20T00:21:44.509231" level="INFO">Opening browser 'chrome' to base url 'http://localhost:8080/Zproject_shabu2/geteditTable?tableid=T001'.</msg>
<arg>${URL}</arg>
<arg>${BROWSER}</arg>
<arg>options=${options}</arg>
<doc>Opens a new browser instance to the optional ``url``.</doc>
<status status="PASS" start="2025-10-20T00:21:44.508445" elapsed="1.799523"/>
</kw>
<kw name="Maximize Browser Window" owner="SeleniumLibrary">
<doc>Maximizes current browser window.</doc>
<status status="PASS" start="2025-10-20T00:21:46.308430" elapsed="0.042259"/>
</kw>
<kw name="Set Selenium Implicit Wait" owner="SeleniumLibrary">
<arg>10s</arg>
<doc>Sets the implicit wait value used by Selenium.</doc>
<status status="PASS" start="2025-10-20T00:21:46.350982" elapsed="0.002654"/>
</kw>
<kw name="Sleep" owner="BuiltIn">
<msg time="2025-10-20T00:21:48.354884" level="INFO">Slept 2 seconds.</msg>
<arg>2s</arg>
<doc>Pauses the test executed for the given time.</doc>
<status status="PASS" start="2025-10-20T00:21:46.354087" elapsed="2.001039"/>
</kw>
<kw name="Wait Until Page Contains Element" owner="SeleniumLibrary">
<arg>css=.form-container</arg>
<arg>timeout=10s</arg>
<doc>Waits until the element ``locator`` appears on the current page.</doc>
<status status="PASS" start="2025-10-20T00:21:48.355528" elapsed="0.021465"/>
</kw>
<status status="PASS" start="2025-10-20T00:21:44.505679" elapsed="3.871584"/>
</kw>
<kw name="Verify Form Elements Present">
<kw name="Element Should Be Visible" owner="SeleniumLibrary">
<msg time="2025-10-20T00:21:48.413477" level="INFO">Element 'id=tableid' is displayed.</msg>
<arg>id=tableid</arg>
<doc>Verifies that the element identified by ``locator`` is visible.</doc>
<status status="PASS" start="2025-10-20T00:21:48.378660" elapsed="0.035006"/>
</kw>
<kw name="Element Should Be Visible" owner="SeleniumLibrary">
<msg time="2025-10-20T00:21:48.442759" level="INFO">Element 'id=capacity' is displayed.</msg>
<arg>id=capacity</arg>
<doc>Verifies that the element identified by ``locator`` is visible.</doc>
<status status="PASS" start="2025-10-20T00:21:48.413999" elapsed="0.028961"/>
</kw>
<kw name="Element Should Be Visible" owner="SeleniumLibrary">
<msg time="2025-10-20T00:21:48.472234" level="INFO">Element 'id=status' is displayed.</msg>
<arg>id=status</arg>
<doc>Verifies that the element identified by ``locator`` is visible.</doc>
<status status="PASS" start="2025-10-20T00:21:48.443342" elapsed="0.029071"/>
</kw>
<kw name="Element Should Be Visible" owner="SeleniumLibrary">
<msg time="2025-10-20T00:21:48.501014" level="INFO">Element 'css=.btn-primary' is displayed.</msg>
<arg>css=.btn-primary</arg>
<doc>Verifies that the element identified by ``locator`` is visible.</doc>
<status status="PASS" start="2025-10-20T00:21:48.472750" elapsed="0.028438"/>
</kw>
<kw name="Element Should Be Visible" owner="SeleniumLibrary">
<msg time="2025-10-20T00:21:48.525206" level="INFO">Element 'css=.btn-secondary' is displayed.</msg>
<arg>css=.btn-secondary</arg>
<doc>Verifies that the element identified by ``locator`` is visible.</doc>
<status status="PASS" start="2025-10-20T00:21:48.501497" elapsed="0.023860"/>
</kw>
<kw name="Element Should Be Visible" owner="SeleniumLibrary">
<msg time="2025-10-20T00:21:48.548530" level="INFO">Element 'css=.form-links a' is displayed.</msg>
<arg>css=.form-links a</arg>
<doc>Verifies that the element identified by ``locator`` is visible.</doc>
<status status="PASS" start="2025-10-20T00:21:48.525592" elapsed="0.023097"/>
</kw>
<kw name="Sleep" owner="BuiltIn">
<msg time="2025-10-20T00:21:50.549438" level="INFO">Slept 2 seconds.</msg>
<arg>2s</arg>
<doc>Pauses the test executed for the given time.</doc>
<status status="PASS" start="2025-10-20T00:21:48.548959" elapsed="2.000806"/>
</kw>
<status status="PASS" start="2025-10-20T00:21:48.378018" elapsed="2.172035"/>
</kw>
<kw name="Close Browser" owner="SeleniumLibrary" type="TEARDOWN">
<doc>Closes the current browser.</doc>
<status status="PASS" start="2025-10-20T00:21:50.550740" elapsed="2.208239"/>
</kw>
<doc>Test that all form elements are displayed</doc>
<status status="PASS" start="2025-10-20T00:21:44.503694" elapsed="8.255949"/>
</test>
<test id="s1-t2" name="TC02 - Successful Table Edit" line="65">
<kw name="Open Browser To Edit Table Page" type="SETUP">
<kw name="Evaluate" owner="BuiltIn">
<msg time="2025-10-20T00:21:52.762288" level="INFO">${options} = &lt;selenium.webdriver.chrome.options.Options object at 0x000002D636ABD1D0&gt;</msg>
<var>${options}</var>
<arg>sys.modules['selenium.webdriver'].ChromeOptions()</arg>
<arg>modules=sys</arg>
<doc>Evaluates the given expression in Python and returns the result.</doc>
<status status="PASS" start="2025-10-20T00:21:52.761837" elapsed="0.000504"/>
</kw>
<kw name="Call Method" owner="BuiltIn">
<arg>${options}</arg>
<arg>add_argument</arg>
<arg>--disable-notifications</arg>
<doc>Calls the named method of the given object with the provided arguments.</doc>
<status status="PASS" start="2025-10-20T00:21:52.762511" elapsed="0.000189"/>
</kw>
<kw name="Call Method" owner="BuiltIn">
<arg>${options}</arg>
<arg>add_argument</arg>
<arg>--disable-gcm</arg>
<doc>Calls the named method of the given object with the provided arguments.</doc>
<status status="PASS" start="2025-10-20T00:21:52.762844" elapsed="0.000170"/>
</kw>
<kw name="Open Browser" owner="SeleniumLibrary">
<msg time="2025-10-20T00:21:52.763574" level="INFO">Opening browser 'chrome' to base url 'http://localhost:8080/Zproject_shabu2/geteditTable?tableid=T001'.</msg>
<arg>${URL}</arg>
<arg>${BROWSER}</arg>
<arg>options=${options}</arg>
<doc>Opens a new browser instance to the optional ``url``.</doc>
<status status="PASS" start="2025-10-20T00:21:52.763190" elapsed="1.812240"/>
</kw>
<kw name="Maximize Browser Window" owner="SeleniumLibrary">
<doc>Maximizes current browser window.</doc>
<status status="PASS" start="2025-10-20T00:21:54.576051" elapsed="0.047010"/>
</kw>
<kw name="Set Selenium Implicit Wait" owner="SeleniumLibrary">
<arg>10s</arg>
<doc>Sets the implicit wait value used by Selenium.</doc>
<status status="PASS" start="2025-10-20T00:21:54.623358" elapsed="0.001624"/>
</kw>
<kw name="Sleep" owner="BuiltIn">
<msg time="2025-10-20T00:21:56.626254" level="INFO">Slept 2 seconds.</msg>
<arg>2s</arg>
<doc>Pauses the test executed for the given time.</doc>
<status status="PASS" start="2025-10-20T00:21:54.625234" elapsed="2.001313"/>
</kw>
<kw name="Wait Until Page Contains Element" owner="SeleniumLibrary">
<arg>css=.form-container</arg>
<arg>timeout=10s</arg>
<doc>Waits until the element ``locator`` appears on the current page.</doc>
<status status="PASS" start="2025-10-20T00:21:56.626936" elapsed="0.016405"/>
</kw>
<status status="PASS" start="2025-10-20T00:21:52.761463" elapsed="3.882310"/>
</kw>
<kw name="Input Table Details">
<kw name="Wait Until Element Is Visible" owner="SeleniumLibrary">
<arg>id=capacity</arg>
<arg>timeout=10s</arg>
<doc>Waits until the element ``locator`` is visible.</doc>
<status status="PASS" start="2025-10-20T00:21:56.644853" elapsed="0.026767"/>
</kw>
<kw name="Input Text" owner="SeleniumLibrary">
<msg time="2025-10-20T00:21:56.672269" level="INFO">Typing text '6' into text field 'id=capacity'.</msg>
<arg>id=capacity</arg>
<arg>${capacity}</arg>
<doc>Types the given ``text`` into the text field identified by ``locator``.</doc>
<status status="PASS" start="2025-10-20T00:21:56.671895" elapsed="0.144811"/>
</kw>
<kw name="Sleep" owner="BuiltIn">
<msg time="2025-10-20T00:21:57.817883" level="INFO">Slept 1 second.</msg>
<arg>1s</arg>
<doc>Pauses the test executed for the given time.</doc>
<status status="PASS" start="2025-10-20T00:21:56.817015" elapsed="1.001110"/>
</kw>
<kw name="Select From List By Value" owner="SeleniumLibrary">
<msg time="2025-10-20T00:21:57.818942" level="INFO">Selecting options from selection list 'id=status' by value In use.</msg>
<arg>id=status</arg>
<arg>${status}</arg>
<doc>Selects options from selection list ``locator`` by ``values``.</doc>
<status status="PASS" start="2025-10-20T00:21:57.818452" elapsed="0.098978"/>
</kw>
<kw name="Sleep" owner="BuiltIn">
<msg time="2025-10-20T00:21:58.918343" level="INFO">Slept 1 second.</msg>
<arg>1s</arg>
<doc>Pauses the test executed for the given time.</doc>
<status status="PASS" start="2025-10-20T00:21:57.917692" elapsed="1.000982"/>
</kw>
<arg>${CAPACITY}</arg>
<arg>${STATUS}</arg>
<status status="PASS" start="2025-10-20T00:21:56.644311" elapsed="2.274633"/>
</kw>
<kw name="Submit Table Form">
<kw name="Wait Until Element Is Visible" owner="SeleniumLibrary">
<arg>css=.btn-primary</arg>
<arg>timeout=10s</arg>
<doc>Waits until the element ``locator`` is visible.</doc>
<status status="PASS" start="2025-10-20T00:21:58.919960" elapsed="0.022332"/>
</kw>
<kw name="Sleep" owner="BuiltIn">
<msg time="2025-10-20T00:21:59.943281" level="INFO">Slept 1 second.</msg>
<arg>1s</arg>
<doc>Pauses the test executed for the given time.</doc>
<status status="PASS" start="2025-10-20T00:21:58.942557" elapsed="1.000975"/>
</kw>
<kw name="Click Button" owner="SeleniumLibrary">
<msg time="2025-10-20T00:21:59.944394" level="INFO">Clicking button 'css=.btn-primary'.</msg>
<arg>css=.btn-primary</arg>
<doc>Clicks the button identified by ``locator``.</doc>
<status status="PASS" start="2025-10-20T00:21:59.943927" elapsed="0.172358"/>
</kw>
<kw name="Sleep" owner="BuiltIn">
<msg time="2025-10-20T00:22:03.117410" level="INFO">Slept 3 seconds.</msg>
<arg>3s</arg>
<doc>Pauses the test executed for the given time.</doc>
<status status="PASS" start="2025-10-20T00:22:00.116689" elapsed="3.000900"/>
</kw>
<status status="PASS" start="2025-10-20T00:21:58.919488" elapsed="4.198275"/>
</kw>
<kw name="Close Browser" owner="SeleniumLibrary" type="TEARDOWN">
<doc>Closes the current browser.</doc>
<status status="PASS" start="2025-10-20T00:22:03.118355" elapsed="2.221208"/>
</kw>
<doc>Test form submission with valid table details</doc>
<status status="PASS" start="2025-10-20T00:21:52.760649" elapsed="12.579301"/>
</test>
<test id="s1-t3" name="TC06 - Verify Back Link Redirects" line="70">
<kw name="Open Browser To Edit Table Page" type="SETUP">
<kw name="Evaluate" owner="BuiltIn">
<msg time="2025-10-20T00:22:05.342376" level="INFO">${options} = &lt;selenium.webdriver.chrome.options.Options object at 0x000002D636ABC2D0&gt;</msg>
<var>${options}</var>
<arg>sys.modules['selenium.webdriver'].ChromeOptions()</arg>
<arg>modules=sys</arg>
<doc>Evaluates the given expression in Python and returns the result.</doc>
<status status="PASS" start="2025-10-20T00:22:05.341957" elapsed="0.000469"/>
</kw>
<kw name="Call Method" owner="BuiltIn">
<arg>${options}</arg>
<arg>add_argument</arg>
<arg>--disable-notifications</arg>
<doc>Calls the named method of the given object with the provided arguments.</doc>
<status status="PASS" start="2025-10-20T00:22:05.342583" elapsed="0.000181"/>
</kw>
<kw name="Call Method" owner="BuiltIn">
<arg>${options}</arg>
<arg>add_argument</arg>
<arg>--disable-gcm</arg>
<doc>Calls the named method of the given object with the provided arguments.</doc>
<status status="PASS" start="2025-10-20T00:22:05.342911" elapsed="0.000174"/>
</kw>
<kw name="Open Browser" owner="SeleniumLibrary">
<msg time="2025-10-20T00:22:05.343620" level="INFO">Opening browser 'chrome' to base url 'http://localhost:8080/Zproject_shabu2/geteditTable?tableid=T001'.</msg>
<arg>${URL}</arg>
<arg>${BROWSER}</arg>
<arg>options=${options}</arg>
<doc>Opens a new browser instance to the optional ``url``.</doc>
<status status="PASS" start="2025-10-20T00:22:05.343258" elapsed="1.467810"/>
</kw>
<kw name="Maximize Browser Window" owner="SeleniumLibrary">
<doc>Maximizes current browser window.</doc>
<status status="PASS" start="2025-10-20T00:22:06.811451" elapsed="0.369723"/>
</kw>
<kw name="Set Selenium Implicit Wait" owner="SeleniumLibrary">
<arg>10s</arg>
<doc>Sets the implicit wait value used by Selenium.</doc>
<status status="PASS" start="2025-10-20T00:22:07.181612" elapsed="0.002971"/>
</kw>
<kw name="Sleep" owner="BuiltIn">
<msg time="2025-10-20T00:22:09.185530" level="INFO">Slept 2 seconds.</msg>
<arg>2s</arg>
<doc>Pauses the test executed for the given time.</doc>
<status status="PASS" start="2025-10-20T00:22:07.184957" elapsed="2.000859"/>
</kw>
<kw name="Wait Until Page Contains Element" owner="SeleniumLibrary">
<arg>css=.form-container</arg>
<arg>timeout=10s</arg>
<doc>Waits until the element ``locator`` appears on the current page.</doc>
<status status="PASS" start="2025-10-20T00:22:09.186349" elapsed="0.016188"/>
</kw>
<status status="PASS" start="2025-10-20T00:22:05.341582" elapsed="3.861129"/>
</kw>
<kw name="Wait Until Element Is Visible" owner="SeleniumLibrary">
<arg>css=.form-links a</arg>
<arg>timeout=10s</arg>
<doc>Waits until the element ``locator`` is visible.</doc>
<status status="PASS" start="2025-10-20T00:22:09.203161" elapsed="0.026430"/>
</kw>
<kw name="Sleep" owner="BuiltIn">
<msg time="2025-10-20T00:22:10.230628" level="INFO">Slept 1 second.</msg>
<arg>1s</arg>
<doc>Pauses the test executed for the given time.</doc>
<status status="PASS" start="2025-10-20T00:22:09.230119" elapsed="1.000789"/>
</kw>
<kw name="Click Link" owner="SeleniumLibrary">
<msg time="2025-10-20T00:22:10.232145" level="INFO">Clicking link 'css=.form-links a'.</msg>
<arg>css=.form-links a</arg>
<doc>Clicks a link identified by ``locator``.</doc>
<status status="PASS" start="2025-10-20T00:22:10.231603" elapsed="0.876194"/>
</kw>
<kw name="Sleep" owner="BuiltIn">
<msg time="2025-10-20T00:22:13.109079" level="INFO">Slept 2 seconds.</msg>
<arg>2s</arg>
<doc>Pauses the test executed for the given time.</doc>
<status status="PASS" start="2025-10-20T00:22:11.108230" elapsed="2.001217"/>
</kw>
<kw name="Wait Until Location Contains" owner="SeleniumLibrary">
<arg>ManageTable</arg>
<arg>timeout=10s</arg>
<doc>Waits until the current URL contains ``expected``.</doc>
<status status="PASS" start="2025-10-20T00:22:13.110446" elapsed="0.006904"/>
</kw>
<kw name="Close Browser" owner="SeleniumLibrary" type="TEARDOWN">
<doc>Closes the current browser.</doc>
<status status="PASS" start="2025-10-20T00:22:13.117902" elapsed="2.213507"/>
</kw>
<doc>Test that back link redirects to ManageTable page</doc>
<status status="PASS" start="2025-10-20T00:22:05.340861" elapsed="9.991081"/>
</test>
<doc>Test suite for editing table information</doc>
<status status="PASS" start="2025-10-20T00:21:44.117239" elapsed="31.216543"/>
</suite>
<statistics>
<total>
<stat pass="3" fail="0" skip="0">All Tests</stat>
</total>
<tag>
</tag>
<suite>
<stat name="Edit Table" id="s1" pass="3" fail="0" skip="0">Edit Table</stat>
</suite>
</statistics>
<errors>
</errors>
</robot>
