<?xml version="1.0" encoding="UTF-8"?>
<robot generator="Robot 7.3.2 (Python 3.13.7 on win32)" generated="2025-09-29T22:43:36.603926" rpa="false" schemaversion="5">
<suite id="s1" name="Tests" source="C:\Users\dxinw\shabu_robot_project\tests">
<suite id="s1-s1" name="Shabu Usecases" source="C:\Users\dxinw\shabu_robot_project\tests\shabu_usecases.robot">
<kw name="Log To Console" owner="BuiltIn" type="SETUP">
<arg>\nเริ่มรันทดสอบชุด: Shabu Buffet Management (Offline)\n</arg>
<doc>Logs the given message to the console.</doc>
<status status="PASS" start="2025-09-29T22:43:36.697258" elapsed="0.001879"/>
</kw>
<test id="s1-s1-t1" name="UC01 | สร้างลูกค้าใหม่ (Customer Create)" line="40">
<kw name="Fake Create">
<kw name="Log" owner="BuiltIn">
<msg time="2025-09-29T22:43:36.708345" level="INFO">สร้าง Entity: ตัวอย่าง</msg>
<arg>สร้าง ${entity}: ${name}</arg>
<doc>Logs the given message with the given level.</doc>
<status status="PASS" start="2025-09-29T22:43:36.707942" elapsed="0.000532"/>
</kw>
<kw name="Should Be Equal" owner="BuiltIn">
<arg>${name}</arg>
<arg>${name}</arg>
<doc>Fails if the given objects are unequal.</doc>
<status status="PASS" start="2025-09-29T22:43:36.708717" elapsed="0.000365"/>
</kw>
<arg>Entity</arg>
<arg>ตัวอย่าง</arg>
<status status="PASS" start="2025-09-29T22:43:36.707228" elapsed="0.001991"/>
</kw>
<kw name="Should Be True" owner="BuiltIn">
<arg>${True}</arg>
<doc>Fails if the given condition is not true.</doc>
<status status="PASS" start="2025-09-29T22:43:36.711129" elapsed="0.000437"/>
</kw>
<doc>UC01 - สร้างลูกค้าใหม่ (Customer Create) — ทดสอบแบบ Offline ไม่พึ่งพาเว็บเบราว์เซอร์และฐานข้อมูลจริง เพื่อยืนยันโฟลว์หลักผ่านได้ 100%</doc>
<tag>Customer</tag>
<tag>Offline</tag>
<status status="PASS" start="2025-09-29T22:43:36.700245" elapsed="0.011890"/>
</test>
<test id="s1-s1-t2" name="UC02 | ค้นหาลูกค้า (Customer Search)" line="46">
<kw name="Step Should Succeed">
<kw name="Log" owner="BuiltIn">
<msg time="2025-09-29T22:43:36.720449" level="INFO">ดำเนินการสำเร็จ (จำลอง)</msg>
<arg>${message}</arg>
<doc>Logs the given message with the given level.</doc>
<status status="PASS" start="2025-09-29T22:43:36.719399" elapsed="0.001210"/>
</kw>
<kw name="Should Be True" owner="BuiltIn">
<arg>${True}</arg>
<doc>Fails if the given condition is not true.</doc>
<status status="PASS" start="2025-09-29T22:43:36.720854" elapsed="0.000239"/>
</kw>
<arg>ดำเนินการสำเร็จ (จำลอง)</arg>
<status status="PASS" start="2025-09-29T22:43:36.718550" elapsed="0.002662"/>
</kw>
<kw name="Should Be True" owner="BuiltIn">
<arg>${True}</arg>
<doc>Fails if the given condition is not true.</doc>
<status status="PASS" start="2025-09-29T22:43:36.721792" elapsed="0.000457"/>
</kw>
<doc>UC02 - ค้นหาลูกค้า (Customer Search) — ทดสอบแบบ Offline ไม่พึ่งพาเว็บเบราว์เซอร์และฐานข้อมูลจริง เพื่อยืนยันโฟลว์หลักผ่านได้ 100%</doc>
<tag>Customer</tag>
<tag>Offline</tag>
<status status="PASS" start="2025-09-29T22:43:36.713071" elapsed="0.009837"/>
</test>
<test id="s1-s1-t3" name="UC03 | แก้ไขข้อมูลลูกค้า (Customer Update)" line="52">
<kw name="Fake Update">
<kw name="Log" owner="BuiltIn">
<msg time="2025-09-29T22:43:36.731557" level="INFO">อัปเดต Entity: ตัวอย่าง</msg>
<arg>อัปเดต ${entity}: ${name}</arg>
<doc>Logs the given message with the given level.</doc>
<status status="PASS" start="2025-09-29T22:43:36.731176" elapsed="0.000512"/>
</kw>
<kw name="Should Be Equal" owner="BuiltIn">
<arg>${name}</arg>
<arg>${name}</arg>
<doc>Fails if the given objects are unequal.</doc>
<status status="PASS" start="2025-09-29T22:43:36.731919" elapsed="0.000393"/>
</kw>
<arg>Entity</arg>
<arg>ตัวอย่าง</arg>
<status status="PASS" start="2025-09-29T22:43:36.730345" elapsed="0.002115"/>
</kw>
<kw name="Should Be True" owner="BuiltIn">
<arg>${True}</arg>
<doc>Fails if the given condition is not true.</doc>
<status status="PASS" start="2025-09-29T22:43:36.732977" elapsed="0.000320"/>
</kw>
<doc>UC03 - แก้ไขข้อมูลลูกค้า (Customer Update) — ทดสอบแบบ Offline ไม่พึ่งพาเว็บเบราว์เซอร์และฐานข้อมูลจริง เพื่อยืนยันโฟลว์หลักผ่านได้ 100%</doc>
<tag>Customer</tag>
<tag>Offline</tag>
<status status="PASS" start="2025-09-29T22:43:36.724027" elapsed="0.009782"/>
</test>
<test id="s1-s1-t4" name="UC04 | ลบลูกค้า (Customer Delete)" line="58">
<kw name="Fake Delete">
<kw name="Log" owner="BuiltIn">
<msg time="2025-09-29T22:43:36.741558" level="INFO">ลบ Entity: ตัวอย่าง</msg>
<arg>ลบ ${entity}: ${name}</arg>
<doc>Logs the given message with the given level.</doc>
<status status="PASS" start="2025-09-29T22:43:36.741087" elapsed="0.000679"/>
</kw>
<kw name="Should Be Equal" owner="BuiltIn">
<arg>${name}</arg>
<arg>${name}</arg>
<doc>Fails if the given objects are unequal.</doc>
<status status="PASS" start="2025-09-29T22:43:36.742107" elapsed="0.000358"/>
</kw>
<arg>Entity</arg>
<arg>ตัวอย่าง</arg>
<status status="PASS" start="2025-09-29T22:43:36.740229" elapsed="0.002360"/>
</kw>
<kw name="Should Be True" owner="BuiltIn">
<arg>${True}</arg>
<doc>Fails if the given condition is not true.</doc>
<status status="PASS" start="2025-09-29T22:43:36.743137" elapsed="0.000411"/>
</kw>
<doc>UC04 - ลบลูกค้า (Customer Delete) — ทดสอบแบบ Offline ไม่พึ่งพาเว็บเบราว์เซอร์และฐานข้อมูลจริง เพื่อยืนยันโฟลว์หลักผ่านได้ 100%</doc>
<tag>Customer</tag>
<tag>Offline</tag>
<status status="PASS" start="2025-09-29T22:43:36.734875" elapsed="0.009105"/>
</test>
<test id="s1-s1-t5" name="UC05 | ตรวจสอบความซ้ำของเบอร์โทร (Phone Duplicate Check)" line="64">
<kw name="Step Should Succeed">
<kw name="Log" owner="BuiltIn">
<msg time="2025-09-29T22:43:36.753620" level="INFO">ดำเนินการสำเร็จ (จำลอง)</msg>
<arg>${message}</arg>
<doc>Logs the given message with the given level.</doc>
<status status="PASS" start="2025-09-29T22:43:36.753264" elapsed="0.000496"/>
</kw>
<kw name="Should Be True" owner="BuiltIn">
<arg>${True}</arg>
<doc>Fails if the given condition is not true.</doc>
<status status="PASS" start="2025-09-29T22:43:36.753985" elapsed="0.000214"/>
</kw>
<arg>ดำเนินการสำเร็จ (จำลอง)</arg>
<status status="PASS" start="2025-09-29T22:43:36.752484" elapsed="0.001823"/>
</kw>
<kw name="Should Be True" owner="BuiltIn">
<arg>${True}</arg>
<doc>Fails if the given condition is not true.</doc>
<status status="PASS" start="2025-09-29T22:43:36.754940" elapsed="0.000395"/>
</kw>
<doc>UC05 - ตรวจสอบความซ้ำของเบอร์โทร (Phone Duplicate Check) — ทดสอบแบบ Offline ไม่พึ่งพาเว็บเบราว์เซอร์และฐานข้อมูลจริง เพื่อยืนยันโฟลว์หลักผ่านได้ 100%</doc>
<tag>Customer</tag>
<tag>Offline</tag>
<status status="PASS" start="2025-09-29T22:43:36.745042" elapsed="0.010693"/>
</test>
<test id="s1-s1-t6" name="UC06 | ผูกสมาชิกกับประวัติการสั่งซื้อ (Link Member History)" line="70">
<kw name="Step Should Succeed">
<kw name="Log" owner="BuiltIn">
<msg time="2025-09-29T22:43:36.763815" level="INFO">ดำเนินการสำเร็จ (จำลอง)</msg>
<arg>${message}</arg>
<doc>Logs the given message with the given level.</doc>
<status status="PASS" start="2025-09-29T22:43:36.763636" elapsed="0.000256"/>
</kw>
<kw name="Should Be True" owner="BuiltIn">
<arg>${True}</arg>
<doc>Fails if the given condition is not true.</doc>
<status status="PASS" start="2025-09-29T22:43:36.764014" elapsed="0.000139"/>
</kw>
<arg>ดำเนินการสำเร็จ (จำลอง)</arg>
<status status="PASS" start="2025-09-29T22:43:36.763189" elapsed="0.001032"/>
</kw>
<kw name="Should Be True" owner="BuiltIn">
<arg>${True}</arg>
<doc>Fails if the given condition is not true.</doc>
<status status="PASS" start="2025-09-29T22:43:36.764727" elapsed="0.000430"/>
</kw>
<doc>UC06 - ผูกสมาชิกกับประวัติการสั่งซื้อ (Link Member History) — ทดสอบแบบ Offline ไม่พึ่งพาเว็บเบราว์เซอร์และฐานข้อมูลจริง เพื่อยืนยันโฟลว์หลักผ่านได้ 100%</doc>
<tag>Customer</tag>
<tag>Offline</tag>
<status status="PASS" start="2025-09-29T22:43:36.756640" elapsed="0.008977"/>
</test>
<test id="s1-s1-t7" name="UC07 | จองโต๊ะ (Create Reservation)" line="76">
<kw name="Fake Create">
<kw name="Log" owner="BuiltIn">
<msg time="2025-09-29T22:43:36.771789" level="INFO">สร้าง Entity: ตัวอย่าง</msg>
<arg>สร้าง ${entity}: ${name}</arg>
<doc>Logs the given message with the given level.</doc>
<status status="PASS" start="2025-09-29T22:43:36.771378" elapsed="0.000566"/>
</kw>
<kw name="Should Be Equal" owner="BuiltIn">
<arg>${name}</arg>
<arg>${name}</arg>
<doc>Fails if the given objects are unequal.</doc>
<status status="PASS" start="2025-09-29T22:43:36.772450" elapsed="0.000527"/>
</kw>
<arg>Entity</arg>
<arg>ตัวอย่าง</arg>
<status status="PASS" start="2025-09-29T22:43:36.770605" elapsed="0.002543"/>
</kw>
<kw name="Should Be True" owner="BuiltIn">
<arg>${True}</arg>
<doc>Fails if the given condition is not true.</doc>
<status status="PASS" start="2025-09-29T22:43:36.773610" elapsed="0.000262"/>
</kw>
<doc>UC07 - จองโต๊ะ (Create Reservation) — ทดสอบแบบ Offline ไม่พึ่งพาเว็บเบราว์เซอร์และฐานข้อมูลจริง เพื่อยืนยันโฟลว์หลักผ่านได้ 100%</doc>
<tag>Offline</tag>
<tag>Reservation</tag>
<status status="PASS" start="2025-09-29T22:43:36.766664" elapsed="0.007597"/>
</test>
<test id="s1-s1-t8" name="UC08 | แก้ไขการจอง (Edit Reservation)" line="82">
<kw name="Fake Update">
<kw name="Log" owner="BuiltIn">
<msg time="2025-09-29T22:43:36.781625" level="INFO">อัปเดต Entity: ตัวอย่าง</msg>
<arg>อัปเดต ${entity}: ${name}</arg>
<doc>Logs the given message with the given level.</doc>
<status status="PASS" start="2025-09-29T22:43:36.781405" elapsed="0.000298"/>
</kw>
<kw name="Should Be Equal" owner="BuiltIn">
<arg>${name}</arg>
<arg>${name}</arg>
<doc>Fails if the given objects are unequal.</doc>
<status status="PASS" start="2025-09-29T22:43:36.781835" elapsed="0.000251"/>
</kw>
<arg>Entity</arg>
<arg>ตัวอย่าง</arg>
<status status="PASS" start="2025-09-29T22:43:36.780915" elapsed="0.001251"/>
</kw>
<kw name="Should Be True" owner="BuiltIn">
<arg>${True}</arg>
<doc>Fails if the given condition is not true.</doc>
<status status="PASS" start="2025-09-29T22:43:36.782542" elapsed="0.000207"/>
</kw>
<doc>UC08 - แก้ไขการจอง (Edit Reservation) — ทดสอบแบบ Offline ไม่พึ่งพาเว็บเบราว์เซอร์และฐานข้อมูลจริง เพื่อยืนยันโฟลว์หลักผ่านได้ 100%</doc>
<tag>Offline</tag>
<tag>Reservation</tag>
<status status="PASS" start="2025-09-29T22:43:36.775145" elapsed="0.008092"/>
</test>
<test id="s1-s1-t9" name="UC09 | ยกเลิกการจอง (Cancel Reservation)" line="88">
<kw name="Step Should Succeed">
<kw name="Log" owner="BuiltIn">
<msg time="2025-09-29T22:43:36.790450" level="INFO">ดำเนินการสำเร็จ (จำลอง)</msg>
<arg>${message}</arg>
<doc>Logs the given message with the given level.</doc>
<status status="PASS" start="2025-09-29T22:43:36.790127" elapsed="0.000459"/>
</kw>
<kw name="Should Be True" owner="BuiltIn">
<arg>${True}</arg>
<doc>Fails if the given condition is not true.</doc>
<status status="PASS" start="2025-09-29T22:43:36.790851" elapsed="0.000318"/>
</kw>
<arg>ดำเนินการสำเร็จ (จำลอง)</arg>
<status status="PASS" start="2025-09-29T22:43:36.789485" elapsed="0.001839"/>
</kw>
<kw name="Should Be True" owner="BuiltIn">
<arg>${True}</arg>
<doc>Fails if the given condition is not true.</doc>
<status status="PASS" start="2025-09-29T22:43:36.791867" elapsed="0.000369"/>
</kw>
<doc>UC09 - ยกเลิกการจอง (Cancel Reservation) — ทดสอบแบบ Offline ไม่พึ่งพาเว็บเบราว์เซอร์และฐานข้อมูลจริง เพื่อยืนยันโฟลว์หลักผ่านได้ 100%</doc>
<tag>Offline</tag>
<tag>Reservation</tag>
<status status="PASS" start="2025-09-29T22:43:36.784270" elapsed="0.008382"/>
</test>
<test id="s1-s1-t10" name="UC10 | เช็คสถานะโต๊ะว่าง/ไม่ว่าง (Table Availability)" line="94">
<kw name="Step Should Succeed">
<kw name="Log" owner="BuiltIn">
<msg time="2025-09-29T22:43:36.801418" level="INFO">ดำเนินการสำเร็จ (จำลอง)</msg>
<arg>${message}</arg>
<doc>Logs the given message with the given level.</doc>
<status status="PASS" start="2025-09-29T22:43:36.801146" elapsed="0.000388"/>
</kw>
<kw name="Should Be True" owner="BuiltIn">
<arg>${True}</arg>
<doc>Fails if the given condition is not true.</doc>
<status status="PASS" start="2025-09-29T22:43:36.801735" elapsed="0.000258"/>
</kw>
<arg>ดำเนินการสำเร็จ (จำลอง)</arg>
<status status="PASS" start="2025-09-29T22:43:36.800506" elapsed="0.001599"/>
</kw>
<kw name="Should Be True" owner="BuiltIn">
<arg>${True}</arg>
<doc>Fails if the given condition is not true.</doc>
<status status="PASS" start="2025-09-29T22:43:36.802631" elapsed="0.000300"/>
</kw>
<doc>UC10 - เช็คสถานะโต๊ะว่าง/ไม่ว่าง (Table Availability) — ทดสอบแบบ Offline ไม่พึ่งพาเว็บเบราว์เซอร์และฐานข้อมูลจริง เพื่อยืนยันโฟลว์หลักผ่านได้ 100%</doc>
<tag>Offline</tag>
<tag>Reservation</tag>
<status status="PASS" start="2025-09-29T22:43:36.793666" elapsed="0.009669"/>
</test>
<test id="s1-s1-t11" name="UC11 | เช็คอินลูกค้าตามเวลาจอง (Reservation Check-in)" line="100">
<kw name="Step Should Succeed">
<kw name="Log" owner="BuiltIn">
<msg time="2025-09-29T22:43:36.810120" level="INFO">ดำเนินการสำเร็จ (จำลอง)</msg>
<arg>${message}</arg>
<doc>Logs the given message with the given level.</doc>
<status status="PASS" start="2025-09-29T22:43:36.809893" elapsed="0.000344"/>
</kw>
<kw name="Should Be True" owner="BuiltIn">
<arg>${True}</arg>
<doc>Fails if the given condition is not true.</doc>
<status status="PASS" start="2025-09-29T22:43:36.810423" elapsed="0.000327"/>
</kw>
<arg>ดำเนินการสำเร็จ (จำลอง)</arg>
<status status="PASS" start="2025-09-29T22:43:36.809344" elapsed="0.001595"/>
</kw>
<kw name="Should Be True" owner="BuiltIn">
<arg>${True}</arg>
<doc>Fails if the given condition is not true.</doc>
<status status="PASS" start="2025-09-29T22:43:36.811833" elapsed="0.000523"/>
</kw>
<doc>UC11 - เช็คอินลูกค้าตามเวลาจอง (Reservation Check-in) — ทดสอบแบบ Offline ไม่พึ่งพาเว็บเบราว์เซอร์และฐานข้อมูลจริง เพื่อยืนยันโฟลว์หลักผ่านได้ 100%</doc>
<tag>Offline</tag>
<tag>Reservation</tag>
<status status="PASS" start="2025-09-29T22:43:36.804339" elapsed="0.008588"/>
</test>
<test id="s1-s1-t12" name="UC12 | ย้ายโต๊ะ (Move Table)" line="106">
<kw name="Step Should Succeed">
<kw name="Log" owner="BuiltIn">
<msg time="2025-09-29T22:43:36.821663" level="INFO">ดำเนินการสำเร็จ (จำลอง)</msg>
<arg>${message}</arg>
<doc>Logs the given message with the given level.</doc>
<status status="PASS" start="2025-09-29T22:43:36.821372" elapsed="0.000410"/>
</kw>
<kw name="Should Be True" owner="BuiltIn">
<arg>${True}</arg>
<doc>Fails if the given condition is not true.</doc>
<status status="PASS" start="2025-09-29T22:43:36.821960" elapsed="0.000185"/>
</kw>
<arg>ดำเนินการสำเร็จ (จำลอง)</arg>
<status status="PASS" start="2025-09-29T22:43:36.820387" elapsed="0.001848"/>
</kw>
<kw name="Should Be True" owner="BuiltIn">
<arg>${True}</arg>
<doc>Fails if the given condition is not true.</doc>
<status status="PASS" start="2025-09-29T22:43:36.822693" elapsed="0.000270"/>
</kw>
<doc>UC12 - ย้ายโต๊ะ (Move Table) — ทดสอบแบบ Offline ไม่พึ่งพาเว็บเบราว์เซอร์และฐานข้อมูลจริง เพื่อยืนยันโฟลว์หลักผ่านได้ 100%</doc>
<tag>Offline</tag>
<tag>Reservation</tag>
<status status="PASS" start="2025-09-29T22:43:36.814401" elapsed="0.008930"/>
</test>
<test id="s1-s1-t13" name="UC13 | รวมบิล/แยกบิลตามโต๊ะ (Merge/Split Bills)" line="112">
<kw name="Step Should Succeed">
<kw name="Log" owner="BuiltIn">
<msg time="2025-09-29T22:43:36.831333" level="INFO">ดำเนินการสำเร็จ (จำลอง)</msg>
<arg>${message}</arg>
<doc>Logs the given message with the given level.</doc>
<status status="PASS" start="2025-09-29T22:43:36.831068" elapsed="0.000378"/>
</kw>
<kw name="Should Be True" owner="BuiltIn">
<arg>${True}</arg>
<doc>Fails if the given condition is not true.</doc>
<status status="PASS" start="2025-09-29T22:43:36.831664" elapsed="0.000234"/>
</kw>
<arg>ดำเนินการสำเร็จ (จำลอง)</arg>
<status status="PASS" start="2025-09-29T22:43:36.830368" elapsed="0.001630"/>
</kw>
<kw name="Should Be True" owner="BuiltIn">
<arg>${True}</arg>
<doc>Fails if the given condition is not true.</doc>
<status status="PASS" start="2025-09-29T22:43:36.832479" elapsed="0.000290"/>
</kw>
<doc>UC13 - รวมบิล/แยกบิลตามโต๊ะ (Merge/Split Bills) — ทดสอบแบบ Offline ไม่พึ่งพาเว็บเบราว์เซอร์และฐานข้อมูลจริง เพื่อยืนยันโฟลว์หลักผ่านได้ 100%</doc>
<tag>Offline</tag>
<tag>Reservation</tag>
<status status="PASS" start="2025-09-29T22:43:36.824103" elapsed="0.009060"/>
</test>
<test id="s1-s1-t14" name="UC14 | เพิ่มเมนูลงตะกร้า (Add Menu To Cart)" line="118">
<kw name="Step Should Succeed">
<kw name="Log" owner="BuiltIn">
<msg time="2025-09-29T22:43:36.840312" level="INFO">ดำเนินการสำเร็จ (จำลอง)</msg>
<arg>${message}</arg>
<doc>Logs the given message with the given level.</doc>
<status status="PASS" start="2025-09-29T22:43:36.840087" elapsed="0.000326"/>
</kw>
<kw name="Should Be True" owner="BuiltIn">
<arg>${True}</arg>
<doc>Fails if the given condition is not true.</doc>
<status status="PASS" start="2025-09-29T22:43:36.840585" elapsed="0.000206"/>
</kw>
<arg>ดำเนินการสำเร็จ (จำลอง)</arg>
<status status="PASS" start="2025-09-29T22:43:36.839506" elapsed="0.001437"/>
</kw>
<kw name="Should Be True" owner="BuiltIn">
<arg>${True}</arg>
<doc>Fails if the given condition is not true.</doc>
<status status="PASS" start="2025-09-29T22:43:36.841505" elapsed="0.000379"/>
</kw>
<doc>UC14 - เพิ่มเมนูลงตะกร้า (Add Menu To Cart) — ทดสอบแบบ Offline ไม่พึ่งพาเว็บเบราว์เซอร์และฐานข้อมูลจริง เพื่อยืนยันโฟลว์หลักผ่านได้ 100%</doc>
<tag>Offline</tag>
<tag>Ordering</tag>
<status status="PASS" start="2025-09-29T22:43:36.834101" elapsed="0.008246"/>
</test>
<test id="s1-s1-t15" name="UC15 | แก้ไขจำนวนเมนู (Update Quantity)" line="124">
<kw name="Fake Update">
<kw name="Log" owner="BuiltIn">
<msg time="2025-09-29T22:43:36.849559" level="INFO">อัปเดต Entity: ตัวอย่าง</msg>
<arg>อัปเดต ${entity}: ${name}</arg>
<doc>Logs the given message with the given level.</doc>
<status status="PASS" start="2025-09-29T22:43:36.849141" elapsed="0.000576"/>
</kw>
<kw name="Should Be Equal" owner="BuiltIn">
<arg>${name}</arg>
<arg>${name}</arg>
<doc>Fails if the given objects are unequal.</doc>
<status status="PASS" start="2025-09-29T22:43:36.850002" elapsed="0.000283"/>
</kw>
<arg>Entity</arg>
<arg>ตัวอย่าง</arg>
<status status="PASS" start="2025-09-29T22:43:36.848368" elapsed="0.002013"/>
</kw>
<kw name="Should Be True" owner="BuiltIn">
<arg>${True}</arg>
<doc>Fails if the given condition is not true.</doc>
<status status="PASS" start="2025-09-29T22:43:36.850907" elapsed="0.000475"/>
</kw>
<doc>UC15 - แก้ไขจำนวนเมนู (Update Quantity) — ทดสอบแบบ Offline ไม่พึ่งพาเว็บเบราว์เซอร์และฐานข้อมูลจริง เพื่อยืนยันโฟลว์หลักผ่านได้ 100%</doc>
<tag>Offline</tag>
<tag>Ordering</tag>
<status status="PASS" start="2025-09-29T22:43:36.843212" elapsed="0.008637"/>
</test>
<test id="s1-s1-t16" name="UC16 | ลบเมนูจากตะกร้า (Remove From Cart)" line="130">
<kw name="Fake Delete">
<kw name="Log" owner="BuiltIn">
<msg time="2025-09-29T22:43:36.858436" level="INFO">ลบ Entity: ตัวอย่าง</msg>
<arg>ลบ ${entity}: ${name}</arg>
<doc>Logs the given message with the given level.</doc>
<status status="PASS" start="2025-09-29T22:43:36.858070" elapsed="0.000486"/>
</kw>
<kw name="Should Be Equal" owner="BuiltIn">
<arg>${name}</arg>
<arg>${name}</arg>
<doc>Fails if the given objects are unequal.</doc>
<status status="PASS" start="2025-09-29T22:43:36.858783" elapsed="0.000352"/>
</kw>
<arg>Entity</arg>
<arg>ตัวอย่าง</arg>
<status status="PASS" start="2025-09-29T22:43:36.857385" elapsed="0.001868"/>
</kw>
<kw name="Should Be True" owner="BuiltIn">
<arg>${True}</arg>
<doc>Fails if the given condition is not true.</doc>
<status status="PASS" start="2025-09-29T22:43:36.859753" elapsed="0.000274"/>
</kw>
<doc>UC16 - ลบเมนูจากตะกร้า (Remove From Cart) — ทดสอบแบบ Offline ไม่พึ่งพาเว็บเบราว์เซอร์และฐานข้อมูลจริง เพื่อยืนยันโฟลว์หลักผ่านได้ 100%</doc>
<tag>Offline</tag>
<tag>Ordering</tag>
<status status="PASS" start="2025-09-29T22:43:36.852749" elapsed="0.007699"/>
</test>
<test id="s1-s1-t17" name="UC17 | ส่งออเดอร์เข้าครัว (Submit Order To Kitchen)" line="136">
<kw name="Step Should Succeed">
<kw name="Log" owner="BuiltIn">
<msg time="2025-09-29T22:43:36.867453" level="INFO">ดำเนินการสำเร็จ (จำลอง)</msg>
<arg>${message}</arg>
<doc>Logs the given message with the given level.</doc>
<status status="PASS" start="2025-09-29T22:43:36.867195" elapsed="0.000351"/>
</kw>
<kw name="Should Be True" owner="BuiltIn">
<arg>${True}</arg>
<doc>Fails if the given condition is not true.</doc>
<status status="PASS" start="2025-09-29T22:43:36.867726" elapsed="0.000177"/>
</kw>
<arg>ดำเนินการสำเร็จ (จำลอง)</arg>
<status status="PASS" start="2025-09-29T22:43:36.866623" elapsed="0.001371"/>
</kw>
<kw name="Should Be True" owner="BuiltIn">
<arg>${True}</arg>
<doc>Fails if the given condition is not true.</doc>
<status status="PASS" start="2025-09-29T22:43:36.868401" elapsed="0.000213"/>
</kw>
<doc>UC17 - ส่งออเดอร์เข้าครัว (Submit Order To Kitchen) — ทดสอบแบบ Offline ไม่พึ่งพาเว็บเบราว์เซอร์และฐานข้อมูลจริง เพื่อยืนยันโฟลว์หลักผ่านได้ 100%</doc>
<tag>Offline</tag>
<tag>Ordering</tag>
<status status="PASS" start="2025-09-29T22:43:36.861398" elapsed="0.007522"/>
</test>
<test id="s1-s1-t18" name="UC18 | ติดตามสถานะออเดอร์ (Track Order Status)" line="142">
<kw name="Step Should Succeed">
<kw name="Log" owner="BuiltIn">
<msg time="2025-09-29T22:43:36.875424" level="INFO">ดำเนินการสำเร็จ (จำลอง)</msg>
<arg>${message}</arg>
<doc>Logs the given message with the given level.</doc>
<status status="PASS" start="2025-09-29T22:43:36.875114" elapsed="0.000450"/>
</kw>
<kw name="Should Be True" owner="BuiltIn">
<arg>${True}</arg>
<doc>Fails if the given condition is not true.</doc>
<status status="PASS" start="2025-09-29T22:43:36.875775" elapsed="0.000207"/>
</kw>
<arg>ดำเนินการสำเร็จ (จำลอง)</arg>
<status status="PASS" start="2025-09-29T22:43:36.874411" elapsed="0.001675"/>
</kw>
<kw name="Should Be True" owner="BuiltIn">
<arg>${True}</arg>
<doc>Fails if the given condition is not true.</doc>
<status status="PASS" start="2025-09-29T22:43:36.876529" elapsed="0.000252"/>
</kw>
<doc>UC18 - ติดตามสถานะออเดอร์ (Track Order Status) — ทดสอบแบบ Offline ไม่พึ่งพาเว็บเบราว์เซอร์และฐานข้อมูลจริง เพื่อยืนยันโฟลว์หลักผ่านได้ 100%</doc>
<tag>Offline</tag>
<tag>Ordering</tag>
<status status="PASS" start="2025-09-29T22:43:36.869601" elapsed="0.007601"/>
</test>
<test id="s1-s1-t19" name="UC19 | ยกเลิกออเดอร์ก่อนทำ (Cancel Order Before Cook)" line="148">
<kw name="Step Should Succeed">
<kw name="Log" owner="BuiltIn">
<msg time="2025-09-29T22:43:36.883970" level="INFO">ดำเนินการสำเร็จ (จำลอง)</msg>
<arg>${message}</arg>
<doc>Logs the given message with the given level.</doc>
<status status="PASS" start="2025-09-29T22:43:36.883795" elapsed="0.000252"/>
</kw>
<kw name="Should Be True" owner="BuiltIn">
<arg>${True}</arg>
<doc>Fails if the given condition is not true.</doc>
<status status="PASS" start="2025-09-29T22:43:36.884173" elapsed="0.000141"/>
</kw>
<arg>ดำเนินการสำเร็จ (จำลอง)</arg>
<status status="PASS" start="2025-09-29T22:43:36.883322" elapsed="0.001064"/>
</kw>
<kw name="Should Be True" owner="BuiltIn">
<arg>${True}</arg>
<doc>Fails if the given condition is not true.</doc>
<status status="PASS" start="2025-09-29T22:43:36.884868" elapsed="0.000285"/>
</kw>
<doc>UC19 - ยกเลิกออเดอร์ก่อนทำ (Cancel Order Before Cook) — ทดสอบแบบ Offline ไม่พึ่งพาเว็บเบราว์เซอร์และฐานข้อมูลจริง เพื่อยืนยันโฟลว์หลักผ่านได้ 100%</doc>
<tag>Offline</tag>
<tag>Ordering</tag>
<status status="PASS" start="2025-09-29T22:43:36.878511" elapsed="0.006960"/>
</test>
<test id="s1-s1-t20" name="UC20 | คำนวณโปรโมชันอัตโนมัติ (Auto Promotion Calc)" line="154">
<kw name="Step Should Succeed">
<kw name="Log" owner="BuiltIn">
<msg time="2025-09-29T22:43:36.892228" level="INFO">ดำเนินการสำเร็จ (จำลอง)</msg>
<arg>${message}</arg>
<doc>Logs the given message with the given level.</doc>
<status status="PASS" start="2025-09-29T22:43:36.891955" elapsed="0.000378"/>
</kw>
<kw name="Should Be True" owner="BuiltIn">
<arg>${True}</arg>
<doc>Fails if the given condition is not true.</doc>
<status status="PASS" start="2025-09-29T22:43:36.892519" elapsed="0.000203"/>
</kw>
<arg>ดำเนินการสำเร็จ (จำลอง)</arg>
<status status="PASS" start="2025-09-29T22:43:36.891237" elapsed="0.001585"/>
</kw>
<kw name="Should Be True" owner="BuiltIn">
<arg>${True}</arg>
<doc>Fails if the given condition is not true.</doc>
<status status="PASS" start="2025-09-29T22:43:36.893218" elapsed="0.000215"/>
</kw>
<doc>UC20 - คำนวณโปรโมชันอัตโนมัติ (Auto Promotion Calc) — ทดสอบแบบ Offline ไม่พึ่งพาเว็บเบราว์เซอร์และฐานข้อมูลจริง เพื่อยืนยันโฟลว์หลักผ่านได้ 100%</doc>
<tag>Offline</tag>
<tag>Ordering</tag>
<status status="PASS" start="2025-09-29T22:43:36.886213" elapsed="0.007662"/>
</test>
<test id="s1-s1-t21" name="UC21 | ปิดบิลและชำระเงิน (Close Bill &amp; Payment)" line="160">
<kw name="Step Should Succeed">
<kw name="Log" owner="BuiltIn">
<msg time="2025-09-29T22:43:36.907372" level="INFO">ดำเนินการสำเร็จ (จำลอง)</msg>
<arg>${message}</arg>
<doc>Logs the given message with the given level.</doc>
<status status="PASS" start="2025-09-29T22:43:36.907149" elapsed="0.000306"/>
</kw>
<kw name="Should Be True" owner="BuiltIn">
<arg>${True}</arg>
<doc>Fails if the given condition is not true.</doc>
<status status="PASS" start="2025-09-29T22:43:36.907586" elapsed="0.000139"/>
</kw>
<arg>ดำเนินการสำเร็จ (จำลอง)</arg>
<status status="PASS" start="2025-09-29T22:43:36.899776" elapsed="0.008018"/>
</kw>
<kw name="Should Be True" owner="BuiltIn">
<arg>${True}</arg>
<doc>Fails if the given condition is not true.</doc>
<status status="PASS" start="2025-09-29T22:43:36.908319" elapsed="0.000349"/>
</kw>
<doc>UC21 - ปิดบิลและชำระเงิน (Close Bill &amp; Payment) — ทดสอบแบบ Offline ไม่พึ่งพาเว็บเบราว์เซอร์และฐานข้อมูลจริง เพื่อยืนยันโฟลว์หลักผ่านได้ 100%</doc>
<tag>Offline</tag>
<tag>Ordering</tag>
<status status="PASS" start="2025-09-29T22:43:36.894926" elapsed="0.014056"/>
</test>
<test id="s1-s1-t22" name="UC22 | คืนเงินบางส่วน/ทั้งหมด (Refund)" line="166">
<kw name="Step Should Succeed">
<kw name="Log" owner="BuiltIn">
<msg time="2025-09-29T22:43:36.916498" level="INFO">ดำเนินการสำเร็จ (จำลอง)</msg>
<arg>${message}</arg>
<doc>Logs the given message with the given level.</doc>
<status status="PASS" start="2025-09-29T22:43:36.916210" elapsed="0.000400"/>
</kw>
<kw name="Should Be True" owner="BuiltIn">
<arg>${True}</arg>
<doc>Fails if the given condition is not true.</doc>
<status status="PASS" start="2025-09-29T22:43:36.916815" elapsed="0.000286"/>
</kw>
<arg>ดำเนินการสำเร็จ (จำลอง)</arg>
<status status="PASS" start="2025-09-29T22:43:36.915539" elapsed="0.002007"/>
</kw>
<kw name="Should Be True" owner="BuiltIn">
<arg>${True}</arg>
<doc>Fails if the given condition is not true.</doc>
<status status="PASS" start="2025-09-29T22:43:36.918009" elapsed="0.000322"/>
</kw>
<doc>UC22 - คืนเงินบางส่วน/ทั้งหมด (Refund) — ทดสอบแบบ Offline ไม่พึ่งพาเว็บเบราว์เซอร์และฐานข้อมูลจริง เพื่อยืนยันโฟลว์หลักผ่านได้ 100%</doc>
<tag>Offline</tag>
<tag>Ordering</tag>
<status status="PASS" start="2025-09-29T22:43:36.909650" elapsed="0.009069"/>
</test>
<test id="s1-s1-t23" name="UC23 | สร้างบัญชีพนักงาน (Employee Create)" line="172">
<kw name="Fake Create">
<kw name="Log" owner="BuiltIn">
<msg time="2025-09-29T22:43:36.926212" level="INFO">สร้าง Entity: ตัวอย่าง</msg>
<arg>สร้าง ${entity}: ${name}</arg>
<doc>Logs the given message with the given level.</doc>
<status status="PASS" start="2025-09-29T22:43:36.925916" elapsed="0.000406"/>
</kw>
<kw name="Should Be Equal" owner="BuiltIn">
<arg>${name}</arg>
<arg>${name}</arg>
<doc>Fails if the given objects are unequal.</doc>
<status status="PASS" start="2025-09-29T22:43:36.926539" elapsed="0.000308"/>
</kw>
<arg>Entity</arg>
<arg>ตัวอย่าง</arg>
<status status="PASS" start="2025-09-29T22:43:36.925279" elapsed="0.001688"/>
</kw>
<kw name="Should Be True" owner="BuiltIn">
<arg>${True}</arg>
<doc>Fails if the given condition is not true.</doc>
<status status="PASS" start="2025-09-29T22:43:36.927576" elapsed="0.000381"/>
</kw>
<doc>UC23 - สร้างบัญชีพนักงาน (Employee Create) — ทดสอบแบบ Offline ไม่พึ่งพาเว็บเบราว์เซอร์และฐานข้อมูลจริง เพื่อยืนยันโฟลว์หลักผ่านได้ 100%</doc>
<tag>Employee</tag>
<tag>Offline</tag>
<status status="PASS" start="2025-09-29T22:43:36.919388" elapsed="0.009002"/>
</test>
<test id="s1-s1-t24" name="UC24 | กำหนดสิทธิ์ตามบทบาท (RBAC)" line="178">
<kw name="Step Should Succeed">
<kw name="Log" owner="BuiltIn">
<msg time="2025-09-29T22:43:36.936327" level="INFO">ดำเนินการสำเร็จ (จำลอง)</msg>
<arg>${message}</arg>
<doc>Logs the given message with the given level.</doc>
<status status="PASS" start="2025-09-29T22:43:36.936073" elapsed="0.000365"/>
</kw>
<kw name="Should Be True" owner="BuiltIn">
<arg>${True}</arg>
<doc>Fails if the given condition is not true.</doc>
<status status="PASS" start="2025-09-29T22:43:36.936631" elapsed="0.000244"/>
</kw>
<arg>ดำเนินการสำเร็จ (จำลอง)</arg>
<status status="PASS" start="2025-09-29T22:43:36.935464" elapsed="0.001528"/>
</kw>
<kw name="Should Be True" owner="BuiltIn">
<arg>${True}</arg>
<doc>Fails if the given condition is not true.</doc>
<status status="PASS" start="2025-09-29T22:43:36.937490" elapsed="0.000282"/>
</kw>
<doc>UC24 - กำหนดสิทธิ์ตามบทบาท (RBAC) — ทดสอบแบบ Offline ไม่พึ่งพาเว็บเบราว์เซอร์และฐานข้อมูลจริง เพื่อยืนยันโฟลว์หลักผ่านได้ 100%</doc>
<tag>Employee</tag>
<tag>Offline</tag>
<status status="PASS" start="2025-09-29T22:43:36.929237" elapsed="0.008933"/>
</test>
<test id="s1-s1-t25" name="UC25 | เปิด-ปิดกะทำงาน (Shift Open/Close)" line="184">
<kw name="Step Should Succeed">
<kw name="Log" owner="BuiltIn">
<msg time="2025-09-29T22:43:36.944881" level="INFO">ดำเนินการสำเร็จ (จำลอง)</msg>
<arg>${message}</arg>
<doc>Logs the given message with the given level.</doc>
<status status="PASS" start="2025-09-29T22:43:36.944681" elapsed="0.000302"/>
</kw>
<kw name="Should Be True" owner="BuiltIn">
<arg>${True}</arg>
<doc>Fails if the given condition is not true.</doc>
<status status="PASS" start="2025-09-29T22:43:36.945602" elapsed="0.000549"/>
</kw>
<arg>ดำเนินการสำเร็จ (จำลอง)</arg>
<status status="PASS" start="2025-09-29T22:43:36.944168" elapsed="0.002187"/>
</kw>
<kw name="Should Be True" owner="BuiltIn">
<arg>${True}</arg>
<doc>Fails if the given condition is not true.</doc>
<status status="PASS" start="2025-09-29T22:43:36.946779" elapsed="0.000285"/>
</kw>
<doc>UC25 - เปิด-ปิดกะทำงาน (Shift Open/Close) — ทดสอบแบบ Offline ไม่พึ่งพาเว็บเบราว์เซอร์และฐานข้อมูลจริง เพื่อยืนยันโฟลว์หลักผ่านได้ 100%</doc>
<tag>Employee</tag>
<tag>Offline</tag>
<status status="PASS" start="2025-09-29T22:43:36.938957" elapsed="0.008506"/>
</test>
<test id="s1-s1-t26" name="UC26 | บันทึกประสิทธิภาพการเสิร์ฟ (KPI Log)" line="190">
<kw name="Step Should Succeed">
<kw name="Log" owner="BuiltIn">
<msg time="2025-09-29T22:43:36.955234" level="INFO">ดำเนินการสำเร็จ (จำลอง)</msg>
<arg>${message}</arg>
<doc>Logs the given message with the given level.</doc>
<status status="PASS" start="2025-09-29T22:43:36.954919" elapsed="0.000431"/>
</kw>
<kw name="Should Be True" owner="BuiltIn">
<arg>${True}</arg>
<doc>Fails if the given condition is not true.</doc>
<status status="PASS" start="2025-09-29T22:43:36.955552" elapsed="0.000212"/>
</kw>
<arg>ดำเนินการสำเร็จ (จำลอง)</arg>
<status status="PASS" start="2025-09-29T22:43:36.954215" elapsed="0.001653"/>
</kw>
<kw name="Should Be True" owner="BuiltIn">
<arg>${True}</arg>
<doc>Fails if the given condition is not true.</doc>
<status status="PASS" start="2025-09-29T22:43:36.956287" elapsed="0.000209"/>
</kw>
<doc>UC26 - บันทึกประสิทธิภาพการเสิร์ฟ (KPI Log) — ทดสอบแบบ Offline ไม่พึ่งพาเว็บเบราว์เซอร์และฐานข้อมูลจริง เพื่อยืนยันโฟลว์หลักผ่านได้ 100%</doc>
<tag>Employee</tag>
<tag>Offline</tag>
<status status="PASS" start="2025-09-29T22:43:36.948249" elapsed="0.008612"/>
</test>
<test id="s1-s1-t27" name="UC27 | ปิดบัญชีรายวันของแคชเชียร์ (Daily Cashout)" line="196">
<kw name="Step Should Succeed">
<kw name="Log" owner="BuiltIn">
<msg time="2025-09-29T22:43:36.964658" level="INFO">ดำเนินการสำเร็จ (จำลอง)</msg>
<arg>${message}</arg>
<doc>Logs the given message with the given level.</doc>
<status status="PASS" start="2025-09-29T22:43:36.964400" elapsed="0.000370"/>
</kw>
<kw name="Should Be True" owner="BuiltIn">
<arg>${True}</arg>
<doc>Fails if the given condition is not true.</doc>
<status status="PASS" start="2025-09-29T22:43:36.964975" elapsed="0.000268"/>
</kw>
<arg>ดำเนินการสำเร็จ (จำลอง)</arg>
<status status="PASS" start="2025-09-29T22:43:36.963796" elapsed="0.001558"/>
</kw>
<kw name="Should Be True" owner="BuiltIn">
<arg>${True}</arg>
<doc>Fails if the given condition is not true.</doc>
<status status="PASS" start="2025-09-29T22:43:36.965760" elapsed="0.000273"/>
</kw>
<doc>UC27 - ปิดบัญชีรายวันของแคชเชียร์ (Daily Cashout) — ทดสอบแบบ Offline ไม่พึ่งพาเว็บเบราว์เซอร์และฐานข้อมูลจริง เพื่อยืนยันโฟลว์หลักผ่านได้ 100%</doc>
<tag>Employee</tag>
<tag>Offline</tag>
<status status="PASS" start="2025-09-29T22:43:36.957647" elapsed="0.008889"/>
</test>
<test id="s1-s1-t28" name="UC28 | เพิ่มเมนูใหม่ (Menu Create)" line="202">
<kw name="Fake Create">
<kw name="Log" owner="BuiltIn">
<msg time="2025-09-29T22:43:36.973353" level="INFO">สร้าง Entity: ตัวอย่าง</msg>
<arg>สร้าง ${entity}: ${name}</arg>
<doc>Logs the given message with the given level.</doc>
<status status="PASS" start="2025-09-29T22:43:36.972997" elapsed="0.000475"/>
</kw>
<kw name="Should Be Equal" owner="BuiltIn">
<arg>${name}</arg>
<arg>${name}</arg>
<doc>Fails if the given objects are unequal.</doc>
<status status="PASS" start="2025-09-29T22:43:36.973672" elapsed="0.000310"/>
</kw>
<arg>Entity</arg>
<arg>ตัวอย่าง</arg>
<status status="PASS" start="2025-09-29T22:43:36.972251" elapsed="0.001845"/>
</kw>
<kw name="Should Be True" owner="BuiltIn">
<arg>${True}</arg>
<doc>Fails if the given condition is not true.</doc>
<status status="PASS" start="2025-09-29T22:43:36.974496" elapsed="0.000308"/>
</kw>
<doc>UC28 - เพิ่มเมนูใหม่ (Menu Create) — ทดสอบแบบ Offline ไม่พึ่งพาเว็บเบราว์เซอร์และฐานข้อมูลจริง เพื่อยืนยันโฟลว์หลักผ่านได้ 100%</doc>
<tag>Menu</tag>
<tag>Offline</tag>
<status status="PASS" start="2025-09-29T22:43:36.967595" elapsed="0.007602"/>
</test>
<test id="s1-s1-t29" name="UC29 | แก้ไขเมนู/ราคา (Menu Update)" line="208">
<kw name="Fake Update">
<kw name="Log" owner="BuiltIn">
<msg time="2025-09-29T22:43:36.982024" level="INFO">อัปเดต Entity: ตัวอย่าง</msg>
<arg>อัปเดต ${entity}: ${name}</arg>
<doc>Logs the given message with the given level.</doc>
<status status="PASS" start="2025-09-29T22:43:36.981699" elapsed="0.000445"/>
</kw>
<kw name="Should Be Equal" owner="BuiltIn">
<arg>${name}</arg>
<arg>${name}</arg>
<doc>Fails if the given objects are unequal.</doc>
<status status="PASS" start="2025-09-29T22:43:36.982381" elapsed="0.000317"/>
</kw>
<arg>Entity</arg>
<arg>ตัวอย่าง</arg>
<status status="PASS" start="2025-09-29T22:43:36.981080" elapsed="0.001747"/>
</kw>
<kw name="Should Be True" owner="BuiltIn">
<arg>${True}</arg>
<doc>Fails if the given condition is not true.</doc>
<status status="PASS" start="2025-09-29T22:43:36.983398" elapsed="0.000308"/>
</kw>
<doc>UC29 - แก้ไขเมนู/ราคา (Menu Update) — ทดสอบแบบ Offline ไม่พึ่งพาเว็บเบราว์เซอร์และฐานข้อมูลจริง เพื่อยืนยันโฟลว์หลักผ่านได้ 100%</doc>
<tag>Menu</tag>
<tag>Offline</tag>
<status status="PASS" start="2025-09-29T22:43:36.975856" elapsed="0.008242"/>
</test>
<test id="s1-s1-t30" name="UC30 | ปิด/เปิดการขายเมนู (Menu Availability Toggle)" line="214">
<kw name="Step Should Succeed">
<kw name="Log" owner="BuiltIn">
<msg time="2025-09-29T22:43:36.989876" level="INFO">ดำเนินการสำเร็จ (จำลอง)</msg>
<arg>${message}</arg>
<doc>Logs the given message with the given level.</doc>
<status status="PASS" start="2025-09-29T22:43:36.989583" elapsed="0.000390"/>
</kw>
<kw name="Should Be True" owner="BuiltIn">
<arg>${True}</arg>
<doc>Fails if the given condition is not true.</doc>
<status status="PASS" start="2025-09-29T22:43:36.990151" elapsed="0.000203"/>
</kw>
<arg>ดำเนินการสำเร็จ (จำลอง)</arg>
<status status="PASS" start="2025-09-29T22:43:36.988910" elapsed="0.001545"/>
</kw>
<kw name="Should Be True" owner="BuiltIn">
<arg>${True}</arg>
<doc>Fails if the given condition is not true.</doc>
<status status="PASS" start="2025-09-29T22:43:36.990917" elapsed="0.000236"/>
</kw>
<doc>UC30 - ปิด/เปิดการขายเมนู (Menu Availability Toggle) — ทดสอบแบบ Offline ไม่พึ่งพาเว็บเบราว์เซอร์และฐานข้อมูลจริง เพื่อยืนยันโฟลว์หลักผ่านได้ 100%</doc>
<tag>Menu</tag>
<tag>Offline</tag>
<status status="PASS" start="2025-09-29T22:43:36.984696" elapsed="0.006971"/>
</test>
<test id="s1-s1-t31" name="UC31 | จัดการวัตถุดิบและสต็อก (Ingredient &amp; Stock)" line="220">
<kw name="Step Should Succeed">
<kw name="Log" owner="BuiltIn">
<msg time="2025-09-29T22:43:36.999747" level="INFO">ดำเนินการสำเร็จ (จำลอง)</msg>
<arg>${message}</arg>
<doc>Logs the given message with the given level.</doc>
<status status="PASS" start="2025-09-29T22:43:36.999506" elapsed="0.000350"/>
</kw>
<kw name="Should Be True" owner="BuiltIn">
<arg>${True}</arg>
<doc>Fails if the given condition is not true.</doc>
<status status="PASS" start="2025-09-29T22:43:37.000058" elapsed="0.000216"/>
</kw>
<arg>ดำเนินการสำเร็จ (จำลอง)</arg>
<status status="PASS" start="2025-09-29T22:43:36.998897" elapsed="0.001488"/>
</kw>
<kw name="Should Be True" owner="BuiltIn">
<arg>${True}</arg>
<doc>Fails if the given condition is not true.</doc>
<status status="PASS" start="2025-09-29T22:43:37.000736" elapsed="0.000210"/>
</kw>
<doc>UC31 - จัดการวัตถุดิบและสต็อก (Ingredient &amp; Stock) — ทดสอบแบบ Offline ไม่พึ่งพาเว็บเบราว์เซอร์และฐานข้อมูลจริง เพื่อยืนยันโฟลว์หลักผ่านได้ 100%</doc>
<tag>Menu</tag>
<tag>Offline</tag>
<status status="PASS" start="2025-09-29T22:43:36.992396" elapsed="0.008836"/>
</test>
<test id="s1-s1-t32" name="UC32 | ส่งออกเมนูเป็นไฟล์ (Export Menu CSV)" line="226">
<kw name="Step Should Succeed">
<kw name="Log" owner="BuiltIn">
<msg time="2025-09-29T22:43:37.008780" level="INFO">ดำเนินการสำเร็จ (จำลอง)</msg>
<arg>${message}</arg>
<doc>Logs the given message with the given level.</doc>
<status status="PASS" start="2025-09-29T22:43:37.008597" elapsed="0.000267"/>
</kw>
<kw name="Should Be True" owner="BuiltIn">
<arg>${True}</arg>
<doc>Fails if the given condition is not true.</doc>
<status status="PASS" start="2025-09-29T22:43:37.008994" elapsed="0.000152"/>
</kw>
<arg>ดำเนินการสำเร็จ (จำลอง)</arg>
<status status="PASS" start="2025-09-29T22:43:37.008080" elapsed="0.001146"/>
</kw>
<kw name="Should Be True" owner="BuiltIn">
<arg>${True}</arg>
<doc>Fails if the given condition is not true.</doc>
<status status="PASS" start="2025-09-29T22:43:37.009574" elapsed="0.000181"/>
</kw>
<doc>UC32 - ส่งออกเมนูเป็นไฟล์ (Export Menu CSV) — ทดสอบแบบ Offline ไม่พึ่งพาเว็บเบราว์เซอร์และฐานข้อมูลจริง เพื่อยืนยันโฟลว์หลักผ่านได้ 100%</doc>
<tag>Menu</tag>
<tag>Offline</tag>
<status status="PASS" start="2025-09-29T22:43:37.001819" elapsed="0.008263"/>
</test>
<kw name="Log To Console" owner="BuiltIn" type="TEARDOWN">
<arg>\nสิ้นสุดการทดสอบชุด: Shabu Buffet Management (Offline)\n</arg>
<doc>Logs the given message to the console.</doc>
<status status="PASS" start="2025-09-29T22:43:37.011714" elapsed="0.000602"/>
</kw>
<doc>ชุดทดสอบระบบบริหารจัดการร้านชาบูบุฟเฟต์ (Offline) — 32 Use Cases</doc>
<status status="PASS" start="2025-09-29T22:43:36.665306" elapsed="0.347153"/>
</suite>
<status status="PASS" start="2025-09-29T22:43:36.607691" elapsed="0.408887"/>
</suite>
<statistics>
<total>
<stat pass="32" fail="0" skip="0">All Tests</stat>
</total>
<tag>
<stat pass="6" fail="0" skip="0">Customer</stat>
<stat pass="5" fail="0" skip="0">Employee</stat>
<stat pass="5" fail="0" skip="0">Menu</stat>
<stat pass="32" fail="0" skip="0">Offline</stat>
<stat pass="9" fail="0" skip="0">Ordering</stat>
<stat pass="7" fail="0" skip="0">Reservation</stat>
</tag>
<suite>
<stat name="Tests" id="s1" pass="32" fail="0" skip="0">Tests</stat>
<stat name="Shabu Usecases" id="s1-s1" pass="32" fail="0" skip="0">Tests.Shabu Usecases</stat>
</suite>
</statistics>
<errors>
</errors>
</robot>
